[2026-06-16 20:20:05,858][simclr_fraud.train.pipeline][INFO] - Experiment: mini
[2026-06-16 20:20:05,858][simclr_fraud.train.pipeline][INFO] - Resolved config saved to /home/virgo/Desktop/projects/SimCLR/outputs/mini/config_resolved.yaml
[2026-06-16 20:20:05,858][simclr_fraud.train.pipeline][INFO] - Runtime control: /home/virgo/Desktop/projects/SimCLR/outputs/mini/control.yaml
[2026-06-16 20:20:05,858][simclr_fraud.train.pipeline][INFO] - run_pretrain=False run_finetune=False
[2026-06-16 20:20:05,859][simclr_fraud.train.pipeline][INFO] - data.fraction=0.1
[2026-06-16 20:20:05,859][simclr_fraud.data][INFO] - Using cached CSV: /home/virgo/Desktop/projects/SimCLR/data/raw/paysim.csv
[2026-06-16 20:20:12,196][simclr_fraud.data][INFO] - Loaded PaySim shape: (6362620, 11)
[2026-06-16 20:20:18,373][simclr_fraud.data][INFO] - Stratified subset: 4453834 -> 445383 (fraction=0.1000, fraud ratio 0.001291 -> 0.001291)
[2026-06-16 20:20:18,594][simclr_fraud.data][INFO] - Stratified subset: 954393 -> 95439 (fraction=0.1000, fraud ratio 0.001291 -> 0.001289)
[2026-06-16 20:20:18,822][simclr_fraud.data][INFO] - Stratified subset: 954393 -> 95439 (fraction=0.1000, fraud ratio 0.001291 -> 0.001289)
[2026-06-16 20:20:18,996][simclr_fraud.data][INFO] - Data ready (fraction=0.1)
[2026-06-16 20:20:19,001][simclr_fraud.data][INFO] - Train: (445383, 7) fraud ratio: 0.001291
[2026-06-16 20:20:19,007][simclr_fraud.data][INFO] - Val:   (95439, 7) fraud ratio: 0.001289
[2026-06-16 20:20:19,008][simclr_fraud.data][INFO] - Test:  (95439, 7) fraud ratio: 0.001289
[2026-06-16 20:20:19,009][simclr_fraud.data][INFO] - pos_weight: 773.5791
[2026-06-16 20:20:19,009][simclr_fraud.train.pipeline][INFO] - Pipeline complete for experiment mini
[2026-06-16 20:26:21,301][simclr_fraud.train.pipeline][INFO] - Experiment: gpu5090
[2026-06-16 20:26:21,301][simclr_fraud.train.pipeline][INFO] - Resolved config saved to /home/virgo/Desktop/projects/SimCLR/outputs/gpu5090/config_resolved.yaml
[2026-06-16 20:26:21,301][simclr_fraud.train.pipeline][INFO] - Runtime control: /home/virgo/Desktop/projects/SimCLR/outputs/gpu5090/control.yaml
[2026-06-16 20:26:21,301][simclr_fraud.train.pipeline][INFO] - run_pretrain=True run_finetune=True
[2026-06-16 20:26:21,301][simclr_fraud.train.pipeline][INFO] - data.fraction=1.0
[2026-06-16 20:26:21,324][simclr_fraud.data][INFO] - Removed cached CSV (force_download=true)
[2026-06-16 20:26:21,324][simclr_fraud.data][INFO] - Downloading dataset: ealaxi/paysim1
[2026-06-16 20:26:22,009][simclr_fraud.data][INFO] - Saved CSV to /home/virgo/Desktop/projects/SimCLR/data/raw/paysim.csv
[2026-06-16 20:26:28,350][simclr_fraud.data][INFO] - Loaded PaySim shape: (6362620, 11)
[2026-06-16 20:26:33,509][simclr_fraud.data][INFO] - Data ready (fraction=1.0)
[2026-06-16 20:26:33,510][simclr_fraud.data][INFO] - Train: (4453834, 7) fraud ratio: 0.001291
[2026-06-16 20:26:33,510][simclr_fraud.data][INFO] - Val:   (954393, 7) fraud ratio: 0.001291
[2026-06-16 20:26:33,510][simclr_fraud.data][INFO] - Test:  (954393, 7) fraud ratio: 0.001291
[2026-06-16 20:26:33,511][simclr_fraud.data][INFO] - pos_weight: 773.7145
[2026-06-16 20:26:35,547][simclr_fraud.train.pretrain][INFO] - Starting SimCLR pretraining for experiment gpu5090
[2026-06-16 20:26:39,464][simclr_fraud.train.control][INFO] - Runtime control file: /home/virgo/Desktop/projects/SimCLR/outputs/gpu5090/control.yaml
[2026-06-16 20:30:03,224][simclr_fraud.train.pipeline][INFO] - Experiment: gpu5090
[2026-06-16 20:30:03,224][simclr_fraud.train.pipeline][INFO] - Resolved config saved to /home/virgo/Desktop/projects/SimCLR/outputs/gpu5090/config_resolved.yaml
[2026-06-16 20:30:03,225][simclr_fraud.train.pipeline][INFO] - Runtime control: /home/virgo/Desktop/projects/SimCLR/outputs/gpu5090/control.yaml
[2026-06-16 20:30:03,225][simclr_fraud.train.pipeline][INFO] - run_pretrain=True run_finetune=True
[2026-06-16 20:30:03,225][simclr_fraud.train.pipeline][INFO] - data.fraction=1.0
[2026-06-16 20:30:03,248][simclr_fraud.data][INFO] - Removed cached CSV (force_download=true)
[2026-06-16 20:30:03,248][simclr_fraud.data][INFO] - Downloading dataset: ealaxi/paysim1
[2026-06-16 20:30:04,207][simclr_fraud.data][INFO] - Saved CSV to /home/virgo/Desktop/projects/SimCLR/data/raw/paysim.csv
[2026-06-16 20:30:10,536][simclr_fraud.data][INFO] - Loaded PaySim shape: (6362620, 11)
[2026-06-16 20:30:15,616][simclr_fraud.data][INFO] - Data ready (fraction=1.0)
[2026-06-16 20:30:15,622][simclr_fraud.data][INFO] - Train: (4453834, 7) fraud ratio: 0.001291
[2026-06-16 20:30:15,628][simclr_fraud.data][INFO] - Val:   (954393, 7) fraud ratio: 0.001291
[2026-06-16 20:30:15,634][simclr_fraud.data][INFO] - Test:  (954393, 7) fraud ratio: 0.001291
[2026-06-16 20:30:15,634][simclr_fraud.data][INFO] - pos_weight: 773.7145
[2026-06-16 20:30:16,971][simclr_fraud.train.pretrain][INFO] - Starting SimCLR pretraining for experiment gpu5090
[2026-06-16 20:30:20,902][simclr_fraud.train.control][INFO] - Runtime control file: /home/virgo/Desktop/projects/SimCLR/outputs/gpu5090/control.yaml
[2026-06-16 20:33:14,199][simclr_fraud.train.pipeline][INFO] - Experiment: gpu5090
[2026-06-16 20:33:14,199][simclr_fraud.train.pipeline][INFO] - Resolved config saved to /home/virgo/Desktop/projects/SimCLR/outputs/gpu5090/config_resolved.yaml
[2026-06-16 20:33:14,199][simclr_fraud.train.pipeline][INFO] - Runtime control: /home/virgo/Desktop/projects/SimCLR/outputs/gpu5090/control.yaml
[2026-06-16 20:33:14,199][simclr_fraud.train.pipeline][INFO] - run_pretrain=True run_finetune=True
[2026-06-16 20:33:14,200][simclr_fraud.train.pipeline][INFO] - data.fraction=1.0
[2026-06-16 20:33:14,225][simclr_fraud.data][INFO] - Removed cached CSV (force_download=true)
[2026-06-16 20:33:14,225][simclr_fraud.data][INFO] - Downloading dataset: ealaxi/paysim1
[2026-06-16 20:33:14,825][simclr_fraud.data][INFO] - Saved CSV to /home/virgo/Desktop/projects/SimCLR/data/raw/paysim.csv
[2026-06-16 20:33:21,171][simclr_fraud.data][INFO] - Loaded PaySim shape: (6362620, 11)
[2026-06-16 20:33:26,425][simclr_fraud.data][INFO] - Data ready (fraction=1.0)
[2026-06-16 20:33:26,426][simclr_fraud.data][INFO] - Train: (4453834, 7) fraud ratio: 0.001291
[2026-06-16 20:33:26,426][simclr_fraud.data][INFO] - Val:   (954393, 7) fraud ratio: 0.001291
[2026-06-16 20:33:26,426][simclr_fraud.data][INFO] - Test:  (954393, 7) fraud ratio: 0.001291
[2026-06-16 20:33:26,426][simclr_fraud.data][INFO] - pos_weight: 773.7145
[2026-06-16 20:33:28,147][simclr_fraud.train.pretrain][INFO] - Starting SimCLR pretraining for experiment gpu5090
[2026-06-16 20:33:31,906][simclr_fraud.train.control][INFO] - Runtime control file: /home/virgo/Desktop/projects/SimCLR/outputs/gpu5090/control.yaml
[2026-06-16 20:39:41,794][asyncio][WARNING] - socket.send() raised exception.
[2026-06-16 20:39:41,794][asyncio][WARNING] - socket.send() raised exception.
[2026-06-16 20:39:41,794][asyncio][WARNING] - socket.send() raised exception.
[2026-06-16 20:39:41,794][asyncio][WARNING] - socket.send() raised exception.
[2026-06-16 20:39:41,794][asyncio][WARNING] - socket.send() raised exception.
[2026-06-16 20:39:41,794][asyncio][WARNING] - socket.send() raised exception.
[2026-06-16 20:39:41,794][asyncio][WARNING] - socket.send() raised exception.
[2026-06-16 20:39:41,794][asyncio][WARNING] - socket.send() raised exception.
[2026-06-16 20:39:50,591][simclr_fraud.train.pipeline][INFO] - Experiment: gpu5090
[2026-06-16 20:39:50,591][simclr_fraud.train.pipeline][INFO] - Resolved config saved to /home/virgo/Desktop/projects/SimCLR/outputs/gpu5090/config_resolved.yaml
[2026-06-16 20:39:50,591][simclr_fraud.train.pipeline][INFO] - Runtime control: /home/virgo/Desktop/projects/SimCLR/outputs/gpu5090/control.yaml
[2026-06-16 20:39:50,591][simclr_fraud.train.pipeline][INFO] - run_pretrain=True run_finetune=True
[2026-06-16 20:39:50,591][simclr_fraud.train.pipeline][INFO] - data.fraction=1.0
[2026-06-16 20:39:50,614][simclr_fraud.data][INFO] - Removed cached CSV (force_download=true)
[2026-06-16 20:39:50,614][simclr_fraud.data][INFO] - Downloading dataset: ealaxi/paysim1
[2026-06-16 20:39:51,503][simclr_fraud.data][INFO] - Saved CSV to /home/virgo/Desktop/projects/SimCLR/data/raw/paysim.csv
[2026-06-16 20:39:57,836][simclr_fraud.data][INFO] - Loaded PaySim shape: (6362620, 11)
[2026-06-16 20:40:03,073][simclr_fraud.data][INFO] - Data ready (fraction=1.0)
[2026-06-16 20:40:03,074][simclr_fraud.data][INFO] - Train: (4453834, 7) fraud ratio: 0.001291
[2026-06-16 20:40:03,074][simclr_fraud.data][INFO] - Val:   (954393, 7) fraud ratio: 0.001291
[2026-06-16 20:40:03,074][simclr_fraud.data][INFO] - Test:  (954393, 7) fraud ratio: 0.001291
[2026-06-16 20:40:03,074][simclr_fraud.data][INFO] - pos_weight: 773.7145
[2026-06-16 20:40:04,587][simclr_fraud.train.pretrain][INFO] - Starting SimCLR pretraining for experiment gpu5090
[2026-06-16 20:40:08,409][simclr_fraud.train.control][INFO] - Runtime control file: /home/virgo/Desktop/projects/SimCLR/outputs/gpu5090/control.yaml
[2026-06-16 20:44:33,169][asyncio][WARNING] - socket.send() raised exception.
[2026-06-16 20:44:33,169][asyncio][WARNING] - socket.send() raised exception.
[2026-06-16 20:44:33,169][asyncio][WARNING] - socket.send() raised exception.
[2026-06-16 20:44:33,169][asyncio][WARNING] - socket.send() raised exception.
[2026-06-16 20:44:33,170][asyncio][WARNING] - socket.send() raised exception.
[2026-06-16 20:44:33,170][asyncio][WARNING] - socket.send() raised exception.
[2026-06-16 20:44:33,170][asyncio][WARNING] - socket.send() raised exception.
[2026-06-16 20:44:33,170][asyncio][WARNING] - socket.send() raised exception.
[2026-06-16 20:44:33,170][asyncio][WARNING] - socket.send() raised exception.
[2026-06-16 20:44:33,170][asyncio][WARNING] - socket.send() raised exception.
[2026-06-16 20:44:33,170][asyncio][WARNING] - socket.send() raised exception.
[2026-06-16 20:44:33,170][asyncio][WARNING] - socket.send() raised exception.
[2026-06-16 20:44:33,170][asyncio][WARNING] - socket.send() raised exception.
[2026-06-16 20:44:33,170][asyncio][WARNING] - socket.send() raised exception.
[2026-06-16 20:46:42,037][simclr_fraud.train.pipeline][INFO] - Random seed: 42
[2026-06-16 20:46:42,040][simclr_fraud.train.pipeline][INFO] - Experiment: mini
[2026-06-16 20:46:42,040][simclr_fraud.train.pipeline][INFO] - Resolved config saved to /home/virgo/Desktop/projects/SimCLR/outputs/mini/config_resolved.yaml
[2026-06-16 20:46:42,040][simclr_fraud.train.pipeline][INFO] - Runtime control: /home/virgo/Desktop/projects/SimCLR/outputs/mini/control.yaml
[2026-06-16 20:46:42,040][simclr_fraud.train.pipeline][INFO] - run_pretrain=False run_finetune=False run_eval_only=False
[2026-06-16 20:46:42,040][simclr_fraud.train.pipeline][INFO] - data.fraction=0.1
[2026-06-16 20:46:42,041][simclr_fraud.data][INFO] - Using cached CSV: /home/virgo/Desktop/projects/SimCLR/data/raw/paysim.csv
[2026-06-16 20:46:48,398][simclr_fraud.data][INFO] - Loaded PaySim shape: (6362620, 11)
[2026-06-16 20:46:53,287][simclr_fraud.data][INFO] - Saved preprocessor to /home/virgo/Desktop/projects/SimCLR/outputs/mini/preprocessor.joblib
[2026-06-16 20:46:54,473][simclr_fraud.data][INFO] - Stratified subset: 4453834 -> 445383 (fraction=0.1000, fraud ratio 0.001291 -> 0.001291)
[2026-06-16 20:46:54,706][simclr_fraud.data][INFO] - Stratified subset: 954393 -> 95439 (fraction=0.1000, fraud ratio 0.001291 -> 0.001289)
[2026-06-16 20:46:54,922][simclr_fraud.data][INFO] - Stratified subset: 954393 -> 95439 (fraction=0.1000, fraud ratio 0.001291 -> 0.001289)
[2026-06-16 20:46:55,085][simclr_fraud.data][INFO] - Data ready (fraction=0.1)
[2026-06-16 20:46:55,085][simclr_fraud.data][INFO] - Train: (445383, 7) fraud ratio: 0.001291
[2026-06-16 20:46:55,085][simclr_fraud.data][INFO] - Val:   (95439, 7) fraud ratio: 0.001289
[2026-06-16 20:46:55,086][simclr_fraud.data][INFO] - Test:  (95439, 7) fraud ratio: 0.001289
[2026-06-16 20:46:55,086][simclr_fraud.data][INFO] - pos_weight: 773.5791
[2026-06-16 20:46:55,086][simclr_fraud.train.pipeline][INFO] - Pipeline complete for experiment mini
[2026-06-16 20:47:26,139][simclr_fraud.train.pipeline][INFO] - Random seed: 42
[2026-06-16 20:47:26,143][simclr_fraud.train.pipeline][INFO] - Experiment: gpu5090
[2026-06-16 20:47:26,143][simclr_fraud.train.pipeline][INFO] - Resolved config saved to /home/virgo/Desktop/projects/SimCLR/outputs/gpu5090/config_resolved.yaml
[2026-06-16 20:47:26,143][simclr_fraud.train.pipeline][INFO] - Runtime control: /home/virgo/Desktop/projects/SimCLR/outputs/gpu5090/control.yaml
[2026-06-16 20:47:26,143][simclr_fraud.train.pipeline][INFO] - run_pretrain=True run_finetune=True run_eval_only=True
[2026-06-16 20:47:26,143][simclr_fraud.train.pipeline][INFO] - data.fraction=1.0
[2026-06-16 20:47:26,144][simclr_fraud.data][INFO] - Using cached CSV: /home/virgo/Desktop/projects/SimCLR/data/raw/paysim.csv
[2026-06-16 20:47:32,507][simclr_fraud.data][INFO] - Loaded PaySim shape: (6362620, 11)
[2026-06-16 20:47:37,497][simclr_fraud.data][INFO] - Saved preprocessor to /home/virgo/Desktop/projects/SimCLR/outputs/gpu5090/preprocessor.joblib
[2026-06-16 20:47:37,730][simclr_fraud.data][INFO] - Data ready (fraction=1.0)
[2026-06-16 20:47:37,730][simclr_fraud.data][INFO] - Train: (4453834, 7) fraud ratio: 0.001291
[2026-06-16 20:47:37,730][simclr_fraud.data][INFO] - Val:   (954393, 7) fraud ratio: 0.001291
[2026-06-16 20:47:37,731][simclr_fraud.data][INFO] - Test:  (954393, 7) fraud ratio: 0.001291
[2026-06-16 20:47:37,731][simclr_fraud.data][INFO] - pos_weight: 773.7145
[2026-06-16 20:47:37,736][simclr_fraud.inference][INFO] - Loaded classifier from /home/virgo/Desktop/projects/SimCLR/outputs/gpu5090/finetune/classifier.pt
[2026-06-16 20:47:37,736][simclr_fraud.train.utils][INFO] - WANDB_MODE=disabled; skipping W&B logger
[2026-06-16 20:47:37,736][simclr_fraud.train.eval_only][INFO] - Running eval-only for experiment gpu5090
[2026-06-16 20:47:42,255][simclr_fraud.evaluate.run][INFO] - Best F1 on val: threshold=0.9990 f1=0.2518
[2026-06-16 20:47:43,870][simclr_fraud.evaluate.run][INFO] - Saved threshold metrics to /home/virgo/Desktop/projects/SimCLR/outputs/gpu5090/eval/threshold_metrics.csv
[2026-06-16 20:47:45,866][simclr_fraud.evaluate.run][INFO] - Saved evaluation plots to /home/virgo/Desktop/projects/SimCLR/outputs/gpu5090/eval
[2026-06-16 20:47:45,867][simclr_fraud.train.eval_only][INFO] - Saved eval summary to /home/virgo/Desktop/projects/SimCLR/outputs/gpu5090/eval/metrics.json
[2026-06-16 20:47:45,867][simclr_fraud.train.eval_only][INFO] - Eval-only complete for experiment gpu5090
[2026-06-16 21:01:14,688][simclr_fraud.train.pipeline][INFO] - Random seed: 42
[2026-06-16 21:01:14,691][simclr_fraud.train.pipeline][INFO] - Experiment: mini
[2026-06-16 21:01:14,691][simclr_fraud.train.pipeline][INFO] - Resolved config saved to /home/virgo/Desktop/projects/SimCLR/outputs/mini/config_resolved.yaml
[2026-06-16 21:01:14,691][simclr_fraud.train.pipeline][INFO] - Runtime control: /home/virgo/Desktop/projects/SimCLR/outputs/mini/control.yaml
[2026-06-16 21:01:14,691][simclr_fraud.train.pipeline][INFO] - run_pretrain=True run_finetune=True run_eval_only=False
[2026-06-16 21:01:14,692][simclr_fraud.train.pipeline][INFO] - data.fraction=0.1
[2026-06-16 21:01:14,692][simclr_fraud.data][INFO] - Using cached CSV: /home/virgo/Desktop/projects/SimCLR/data/raw/paysim.csv
[2026-06-16 21:01:14,693][simclr_fraud.data][INFO] - Loaded PaySim shape: (300, 11)
[2026-06-16 21:01:14,720][simclr_fraud.data][INFO] - Saved preprocessor to /home/virgo/Desktop/projects/SimCLR/outputs/mini/preprocessor.joblib
[2026-06-16 21:01:14,722][simclr_fraud.data][INFO] - Stratified subset: 210 -> 21 (fraction=0.1000, fraud ratio 0.038095 -> 0.047619)
[2026-06-16 21:01:14,723][simclr_fraud.data][INFO] - Stratified subset: 45 -> 4 (fraction=0.1000, fraud ratio 0.044444 -> 0.000000)
[2026-06-16 21:01:52,363][simclr_fraud.train.pipeline][INFO] - Random seed: 42
[2026-06-16 21:01:52,366][simclr_fraud.train.pipeline][INFO] - Experiment: mini
[2026-06-16 21:01:52,366][simclr_fraud.train.pipeline][INFO] - Resolved config saved to /home/virgo/Desktop/projects/SimCLR/outputs/mini/config_resolved.yaml
[2026-06-16 21:01:52,367][simclr_fraud.train.pipeline][INFO] - Runtime control: /home/virgo/Desktop/projects/SimCLR/outputs/mini/control.yaml
[2026-06-16 21:01:52,367][simclr_fraud.train.pipeline][INFO] - run_pretrain=True run_finetune=True run_eval_only=False
[2026-06-16 21:01:52,367][simclr_fraud.train.pipeline][INFO] - data.fraction=1.0
[2026-06-16 21:01:52,367][simclr_fraud.data][INFO] - Using cached CSV: /home/virgo/Desktop/projects/SimCLR/data/raw/paysim.csv
[2026-06-16 21:01:52,369][simclr_fraud.data][INFO] - Loaded PaySim shape: (500, 11)
[2026-06-16 21:01:52,395][simclr_fraud.data][INFO] - Saved preprocessor to /home/virgo/Desktop/projects/SimCLR/outputs/mini/preprocessor.joblib
[2026-06-16 21:01:52,397][simclr_fraud.data][INFO] - Data ready (fraction=1.0)
[2026-06-16 21:01:52,397][simclr_fraud.data][INFO] - Train: (350, 6) fraud ratio: 0.120000
[2026-06-16 21:01:52,397][simclr_fraud.data][INFO] - Val:   (75, 6) fraud ratio: 0.120000
[2026-06-16 21:01:52,397][simclr_fraud.data][INFO] - Test:  (75, 6) fraud ratio: 0.120000
[2026-06-16 21:01:52,397][simclr_fraud.data][INFO] - pos_weight: 7.3333
[2026-06-16 21:01:52,399][simclr_fraud.train.utils][INFO] - WANDB_MODE=disabled; skipping W&B logger
[2026-06-16 21:01:52,400][simclr_fraud.train.utils][INFO] - Early stopping enabled: monitor=val_loss patience=3 mode=min
[2026-06-16 21:01:52,427][simclr_fraud.train.pretrain][INFO] - Starting SimCLR pretraining for experiment mini
[2026-06-16 21:01:52,450][simclr_fraud.train.utils][WARNING] - No best checkpoint found; using final epoch weights
[2026-06-16 21:01:52,452][simclr_fraud.train.pretrain][INFO] - Saved encoder to /home/virgo/Desktop/projects/SimCLR/outputs/mini/pretrain/encoder.pt
[2026-06-16 21:01:52,454][simclr_fraud.train.finetune][INFO] - Loading encoder weights from /home/virgo/Desktop/projects/SimCLR/outputs/mini/pretrain/encoder.pt
[2026-06-16 21:01:52,461][simclr_fraud.train.utils][INFO] - WANDB_MODE=disabled; skipping W&B logger
[2026-06-16 21:01:52,462][simclr_fraud.train.utils][INFO] - Early stopping enabled: monitor=val_pr_auc patience=3 mode=max
[2026-06-16 21:01:52,474][simclr_fraud.train.finetune][INFO] - Starting fraud classifier finetune for experiment mini
[2026-06-16 21:01:52,518][simclr_fraud.train.control][INFO] - Runtime control file: /home/virgo/Desktop/projects/SimCLR/outputs/mini/control.yaml
[2026-06-16 21:01:52,596][simclr_fraud.train.utils][INFO] - Loaded best checkpoint from /home/virgo/Desktop/projects/SimCLR/outputs/mini/finetune/checkpoints/best-v2.ckpt
[2026-06-16 21:01:52,597][simclr_fraud.train.finetune][INFO] - Saved classifier to /home/virgo/Desktop/projects/SimCLR/outputs/mini/finetune/classifier.pt
[2026-06-16 21:01:52,660][simclr_fraud.train.utils][INFO] - Saved metrics to /home/virgo/Desktop/projects/SimCLR/outputs/mini/eval/metrics.json
[2026-06-16 21:01:52,660][simclr_fraud.train.pipeline][INFO] - Pipeline complete for experiment mini
[2026-06-16 21:11:17,788][simclr_fraud.train.pipeline][INFO] - Random seed: 42
[2026-06-16 21:11:17,792][simclr_fraud.train.pipeline][INFO] - Experiment: gpu5090
[2026-06-16 21:11:17,792][simclr_fraud.train.pipeline][INFO] - Resolved config saved to /home/virgo/Desktop/projects/SimCLR/outputs/gpu5090/config_resolved.yaml
[2026-06-16 21:11:17,792][simclr_fraud.train.pipeline][INFO] - Runtime control: /home/virgo/Desktop/projects/SimCLR/outputs/gpu5090/control.yaml
[2026-06-16 21:11:17,792][simclr_fraud.train.pipeline][INFO] - run_pretrain=True run_finetune=True run_eval_only=False
[2026-06-16 21:11:17,792][simclr_fraud.train.pipeline][INFO] - data.fraction=1.0
[2026-06-16 21:11:17,792][simclr_fraud.data][INFO] - Removed cached CSV (force_download=true)
[2026-06-16 21:11:17,793][simclr_fraud.data][INFO] - Downloading dataset: ealaxi/paysim1
[2026-06-16 21:11:18,517][simclr_fraud.data][INFO] - Saved CSV to /home/virgo/Desktop/projects/SimCLR/data/raw/paysim.csv
[2026-06-16 21:11:24,878][simclr_fraud.data][INFO] - Loaded PaySim shape: (6362620, 11)
[2026-06-16 21:11:29,763][simclr_fraud.data][INFO] - Saved preprocessor to /home/virgo/Desktop/projects/SimCLR/outputs/gpu5090/preprocessor.joblib
[2026-06-16 21:11:30,001][simclr_fraud.data][INFO] - Data ready (fraction=1.0)
[2026-06-16 21:11:30,002][simclr_fraud.data][INFO] - Train: (4453834, 7) fraud ratio: 0.001291
[2026-06-16 21:11:30,002][simclr_fraud.data][INFO] - Val:   (954393, 7) fraud ratio: 0.001291
[2026-06-16 21:11:30,002][simclr_fraud.data][INFO] - Test:  (954393, 7) fraud ratio: 0.001291
[2026-06-16 21:11:30,002][simclr_fraud.data][INFO] - pos_weight: 773.7145
[2026-06-16 21:11:30,005][simclr_fraud.train.utils][INFO] - W&B project='simclr-fraud-new-001' (from config), group='gpu5090', run='gpu5090/pretrain'
[2026-06-16 21:11:32,002][simclr_fraud.train.utils][INFO] - Early stopping enabled: monitor=val_loss patience=5 mode=min
[2026-06-16 21:11:32,040][simclr_fraud.train.pretrain][INFO] - Starting SimCLR pretraining for experiment gpu5090
[2026-06-16 21:11:35,603][simclr_fraud.train.control][INFO] - Runtime control file: /home/virgo/Desktop/projects/SimCLR/outputs/gpu5090/control.yaml
